This file contains any messages produced by compilers while
running configure, to aid debugging if configure makes a mistake.

It was created by Apertium Bengali configure 0.1.0, which was
generated by GNU Autoconf 2.71.  Invocation command line was

  $ ./configure

## --------- ##
## Platform. ##
## --------- ##

hostname = Gourabs-MacBook-Pro.local
uname -m = x86_64
uname -r = 20.1.0
uname -s = Darwin
uname -v = Darwin Kernel Version 20.1.0: Sat Oct 31 00:07:11 PDT 2020; root:xnu-7195.50.7~2/RELEASE_X86_64

/usr/bin/uname -p = i386
/bin/uname -X     = unknown

/bin/arch              = unknown
/usr/bin/arch -k       = unknown
/usr/convex/getsysinfo = unknown
/usr/bin/hostinfo      = Mach kernel version:
	 Darwin Kernel Version 20.1.0: Sat Oct 31 00:07:11 PDT 2020; root:xnu-7195.50.7~2/RELEASE_X86_64
Kernel configured for up to 8 processors.
4 processors are physically available.
8 processors are logically available.
Processor type: x86_64h (Intel x86-64h Haswell)
Processors active: 0 1 2 3 4 5 6 7
Primary memory available: 8.00 gigabytes
Default processor set: 470 tasks, 2064 threads, 8 processors
Load average: 3.07, Mach factor: 5.49
/bin/machine           = unknown
/usr/bin/oslevel       = unknown
/bin/universe          = unknown

PATH: /opt/local/bin/
PATH: /opt/local/sbin/
PATH: /usr/local/bin/
PATH: /usr/bin/
PATH: /bin/
PATH: /usr/sbin/
PATH: /sbin/
PATH: /Library/Apple/usr/bin/
PATH: /Users/gourab337/Developer/flutter/bin/


## ----------- ##
## Core tests. ##
## ----------- ##

configure:1741: looking for aux files: missing install-sh
configure:1754:  trying ./
configure:1783:   ./missing found
configure:1765:   ./install-sh found
configure:1912: checking for a BSD-compatible install
configure:1985: result: /usr/bin/install -c
configure:1996: checking whether build environment is sane
configure:2051: result: yes
configure:2210: checking for a race-free mkdir -p
configure:2254: result: ./install-sh -c -d
configure:2261: checking for gawk
configure:2282: found /opt/local/bin/gawk
configure:2293: result: gawk
configure:2304: checking whether make sets $(MAKE)
configure:2327: result: yes
configure:2357: checking whether make supports nested variables
configure:2375: result: yes
configure:2498: checking whether ln -s works
configure:2502: result: yes
configure:2513: checking for gawk
configure:2545: result: gawk
configure:2619: checking for pkg-config
configure:2642: found /opt/local/bin/pkg-config
configure:2654: result: /opt/local/bin/pkg-config
configure:2679: checking pkg-config is at least version 0.9.0
configure:2682: result: yes
configure:2692: checking for apertium >= 3.4.0
configure:2699: $PKG_CONFIG --exists --print-errors "apertium >= 3.4.0"
configure:2702: $? = 0
configure:2716: $PKG_CONFIG --exists --print-errors "apertium >= 3.4.0"
configure:2719: $? = 0
configure:2777: result: yes
configure:2783: checking for lttoolbox >= 3.3.2
configure:2790: $PKG_CONFIG --exists --print-errors "lttoolbox >= 3.3.2"
configure:2793: $? = 0
configure:2807: $PKG_CONFIG --exists --print-errors "lttoolbox >= 3.3.2"
configure:2810: $? = 0
configure:2868: result: yes
configure:2875: checking for cg-comp
configure:2898: found /usr/local/bin/cg-comp
configure:2911: result: /usr/local/bin/cg-comp
configure:3074: checking that generated files are newer than configure
configure:3080: result: done
configure:3088: creating ./config.status

## ---------------------- ##
## Running config.status. ##
## ---------------------- ##

This file was extended by Apertium Bengali config.status 0.1.0, which was
generated by GNU Autoconf 2.71.  Invocation command line was

  CONFIG_FILES    = 
  CONFIG_HEADERS  = 
  CONFIG_LINKS    = 
  CONFIG_COMMANDS = 
  $ ./config.status 

on Gourabs-MacBook-Pro.local

config.status:748: creating Makefile
config.status:748: creating apertium-ben.pc

## ---------------- ##
## Cache variables. ##
## ---------------- ##

ac_cv_env_APERTIUM_CFLAGS_set=
ac_cv_env_APERTIUM_CFLAGS_value=
ac_cv_env_APERTIUM_LIBS_set=
ac_cv_env_APERTIUM_LIBS_value=
ac_cv_env_LTTOOLBOX_CFLAGS_set=
ac_cv_env_LTTOOLBOX_CFLAGS_value=
ac_cv_env_LTTOOLBOX_LIBS_set=
ac_cv_env_LTTOOLBOX_LIBS_value=
ac_cv_env_PKG_CONFIG_LIBDIR_set=
ac_cv_env_PKG_CONFIG_LIBDIR_value=
ac_cv_env_PKG_CONFIG_PATH_set=set
ac_cv_env_PKG_CONFIG_PATH_value=/usr/local/lib/pkgconfig:
ac_cv_env_PKG_CONFIG_set=
ac_cv_env_PKG_CONFIG_value=
ac_cv_env_build_alias_set=
ac_cv_env_build_alias_value=
ac_cv_env_host_alias_set=
ac_cv_env_host_alias_value=
ac_cv_env_target_alias_set=
ac_cv_env_target_alias_value=
ac_cv_path_CGCOMP=/usr/local/bin/cg-comp
ac_cv_path_ac_pt_PKG_CONFIG=/opt/local/bin/pkg-config
ac_cv_path_install='/usr/bin/install -c'
ac_cv_prog_AWK=gawk
ac_cv_prog_make_make_set=yes
am_cv_make_support_nested_variables=yes
pkg_cv_APERTIUM_CFLAGS='-I/usr/local/include/apertium-3.7 -I/usr/local/lib/apertium-3.7/include'
pkg_cv_APERTIUM_LIBS='-L/usr/local/lib -lapertium3'
pkg_cv_LTTOOLBOX_CFLAGS=-I/usr/local/include/lttoolbox-3.5
pkg_cv_LTTOOLBOX_LIBS='-L/usr/local/lib -llttoolbox3'

## ----------------- ##
## Output variables. ##
## ----------------- ##

ACLOCAL='${SHELL} '\''/Users/gourab337/Desktop/apertium-hin-ben/apertium-ben/missing'\'' aclocal-1.16'
AMTAR='$${TAR-tar}'
AM_BACKSLASH='\'
AM_DEFAULT_V='$(AM_DEFAULT_VERBOSITY)'
AM_DEFAULT_VERBOSITY='1'
AM_V='$(V)'
APERTIUM_CFLAGS='-I/usr/local/include/apertium-3.7 -I/usr/local/lib/apertium-3.7/include'
APERTIUM_LIBS='-L/usr/local/lib -lapertium3'
AUTOCONF='${SHELL} '\''/Users/gourab337/Desktop/apertium-hin-ben/apertium-ben/missing'\'' autoconf'
AUTOHEADER='${SHELL} '\''/Users/gourab337/Desktop/apertium-hin-ben/apertium-ben/missing'\'' autoheader'
AUTOMAKE='${SHELL} '\''/Users/gourab337/Desktop/apertium-hin-ben/apertium-ben/missing'\'' automake-1.16'
AWK='gawk'
CGCOMP='/usr/local/bin/cg-comp'
CYGPATH_W='echo'
DEFS='-DPACKAGE_NAME=\"Apertium\ Bengali\" -DPACKAGE_TARNAME=\"apertium-ben\" -DPACKAGE_VERSION=\"0.1.0\" -DPACKAGE_STRING=\"Apertium\ Bengali\ 0.1.0\" -DPACKAGE_BUGREPORT=\"francis.tyers@gmail.com\" -DPACKAGE_URL=\"http://wiki.apertium.org/wiki/Apertium-ben\" -DPACKAGE=\"apertium-ben\" -DVERSION=\"0.1.0\"'
ECHO_C='\c'
ECHO_N=''
ECHO_T=''
INSTALL_DATA='${INSTALL} -m 644'
INSTALL_PROGRAM='${INSTALL}'
INSTALL_SCRIPT='${INSTALL}'
INSTALL_STRIP_PROGRAM='$(install_sh) -c -s'
LIBOBJS=''
LIBS=''
LN_S='ln -s'
LTLIBOBJS=''
LTTOOLBOX_CFLAGS='-I/usr/local/include/lttoolbox-3.5'
LTTOOLBOX_LIBS='-L/usr/local/lib -llttoolbox3'
MAKEINFO='${SHELL} '\''/Users/gourab337/Desktop/apertium-hin-ben/apertium-ben/missing'\'' makeinfo'
MKDIR_P='./install-sh -c -d'
PACKAGE='apertium-ben'
PACKAGE_BUGREPORT='francis.tyers@gmail.com'
PACKAGE_NAME='Apertium Bengali'
PACKAGE_STRING='Apertium Bengali 0.1.0'
PACKAGE_TARNAME='apertium-ben'
PACKAGE_URL='http://wiki.apertium.org/wiki/Apertium-ben'
PACKAGE_VERSION='0.1.0'
PATH_SEPARATOR=':'
PKG_CONFIG='/opt/local/bin/pkg-config'
PKG_CONFIG_LIBDIR=''
PKG_CONFIG_PATH='/usr/local/lib/pkgconfig:'
SET_MAKE=''
SHELL='/bin/sh'
STRIP=''
VERSION='0.1.0'
am__isrc=''
am__leading_dot='.'
am__tar='$${TAR-tar} chof - "$$tardir"'
am__untar='$${TAR-tar} xf -'
bindir='${exec_prefix}/bin'
build_alias=''
datadir='${datarootdir}'
datarootdir='${prefix}/share'
docdir='${datarootdir}/doc/${PACKAGE_TARNAME}'
dvidir='${docdir}'
exec_prefix='${prefix}'
host_alias=''
htmldir='${docdir}'
includedir='${prefix}/include'
infodir='${datarootdir}/info'
install_sh='${SHELL} /Users/gourab337/Desktop/apertium-hin-ben/apertium-ben/install-sh'
libdir='${exec_prefix}/lib'
libexecdir='${exec_prefix}/libexec'
localedir='${datarootdir}/locale'
localstatedir='${prefix}/var'
mandir='${datarootdir}/man'
mkdir_p='$(MKDIR_P)'
oldincludedir='/usr/include'
pdfdir='${docdir}'
prefix='/usr/local'
program_transform_name='s,x,x,'
psdir='${docdir}'
runstatedir='${localstatedir}/run'
sbindir='${exec_prefix}/sbin'
sharedstatedir='${prefix}/com'
sysconfdir='${prefix}/etc'
target_alias=''

## ----------- ##
## confdefs.h. ##
## ----------- ##

/* confdefs.h */
#define PACKAGE_NAME "Apertium Bengali"
#define PACKAGE_TARNAME "apertium-ben"
#define PACKAGE_VERSION "0.1.0"
#define PACKAGE_STRING "Apertium Bengali 0.1.0"
#define PACKAGE_BUGREPORT "francis.tyers@gmail.com"
#define PACKAGE_URL "http://wiki.apertium.org/wiki/Apertium-ben"
#define PACKAGE "apertium-ben"
#define VERSION "0.1.0"

configure: exit 0
